<?xml version="1.0" encoding="UTF-8"?>
<testng-results skipped="0" failed="0" ignored="0" total="4" passed="4">
  <reporter-output>
  </reporter-output>
  <suite name="Default suite" duration-ms="7400" started-at="2020-08-10T07:07:42Z" finished-at="2020-08-10T07:07:50Z">
    <groups>
    </groups>
    <test name="Default test" duration-ms="7400" started-at="2020-08-10T07:07:42Z" finished-at="2020-08-10T07:07:50Z">
      <class name="restAssuredFramework.Test_02">
        <test-method status="PASS" signature="test_01()[pri:0, instance:restAssuredFramework.Test_02@7823a2f9]" name="test_01" duration-ms="6572" started-at="2020-08-10T12:37:42Z" finished-at="2020-08-10T12:37:49Z">
          <reporter-output>
          </reporter-output>
        </test-method> <!-- test_01 -->
        <test-method status="PASS" signature="test_02()[pri:0, instance:restAssuredFramework.Test_02@7823a2f9]" name="test_02" duration-ms="267" started-at="2020-08-10T12:37:49Z" finished-at="2020-08-10T12:37:49Z">
          <reporter-output>
          </reporter-output>
        </test-method> <!-- test_02 -->
        <test-method status="PASS" signature="test_03()[pri:0, instance:restAssuredFramework.Test_02@7823a2f9]" name="test_03" duration-ms="322" started-at="2020-08-10T12:37:49Z" finished-at="2020-08-10T12:37:50Z">
          <reporter-output>
          </reporter-output>
        </test-method> <!-- test_03 -->
        <test-method status="PASS" signature="test_04()[pri:0, instance:restAssuredFramework.Test_02@7823a2f9]" name="test_04" duration-ms="93" started-at="2020-08-10T12:37:50Z" finished-at="2020-08-10T12:37:50Z">
          <reporter-output>
          </reporter-output>
        </test-method> <!-- test_04 -->
      </class> <!-- restAssuredFramework.Test_02 -->
    </test> <!-- Default test -->
  </suite> <!-- Default suite -->
</testng-results>
