<?xml version="1.0" encoding="UTF-8"?>
<!-- Generated by org.testng.reporters.JUnitXMLReporter -->
<testsuite hostname="DESKTOP-ICKQOFK" ignored="0" name="Default test" tests="4" failures="0" timestamp="10 Aug 2020 07:07:50 GMT" time="7.4" errors="0">
  <testcase name="test_01" time="6.572" classname="restAssuredFramework.Test_02"/>
  <testcase name="test_02" time="0.267" classname="restAssuredFramework.Test_02"/>
  <testcase name="test_03" time="0.322" classname="restAssuredFramework.Test_02"/>
  <testcase name="test_04" time="0.093" classname="restAssuredFramework.Test_02"/>
</testsuite> <!-- Default test -->
